<?xml version="1.0" encoding="UTF-8"?>
<testng-results ignored="0" total="1" passed="1" failed="0" skipped="0">
  <reporter-output>
  </reporter-output>
  <suite started-at="2024-07-26T12:43:26 GMT-04:00" name="Default suite" finished-at="2024-07-26T12:43:26 GMT-04:00" duration-ms="52">
    <groups>
    </groups>
    <test started-at="2024-07-26T12:43:26 GMT-04:00" name="Default test" finished-at="2024-07-26T12:43:26 GMT-04:00" duration-ms="52">
      <class name="StreamsClass">
        <test-method signature="sorting()[pri:0, instance:StreamsClass@55b699ef]" started-at="2024-07-26T12:43:26 GMT-04:00" name="sorting" finished-at="2024-07-26T12:43:26 GMT-04:00" duration-ms="17" status="PASS">
          <reporter-output>
          </reporter-output>
        </test-method> <!-- sorting -->
      </class> <!-- StreamsClass -->
    </test> <!-- Default test -->
  </suite> <!-- Default suite -->
</testng-results>
